D:\DESKTOP\LABS\APK\LAB7\LAB7\DEBUG\LAB7.EXE
D:\DESKTOP\LABS\APK\LAB7\LAB7\DEBUG\LAB7.ILK
D:\DESKTOP\LABS\APK\LAB7\LAB7\DEBUG\LAB7.PDB
D:\Desktop\Labs\APK\lab7\lab7\lab7\Debug\cl.command.1.tlog
D:\Desktop\Labs\APK\lab7\lab7\lab7\Debug\CL.read.1.tlog
D:\Desktop\Labs\APK\lab7\lab7\lab7\Debug\CL.write.1.tlog
D:\DESKTOP\LABS\APK\LAB7\LAB7\LAB7\DEBUG\COM.OBJ
D:\DESKTOP\LABS\APK\LAB7\LAB7\LAB7\DEBUG\LAB7.EXE.EMBED.MANIFEST
D:\DESKTOP\LABS\APK\LAB7\LAB7\LAB7\DEBUG\LAB7.EXE.EMBED.MANIFEST.RES
D:\DESKTOP\LABS\APK\LAB7\LAB7\LAB7\DEBUG\LAB7.EXE.INTERMEDIATE.MANIFEST
D:\Desktop\Labs\APK\lab7\lab7\lab7\Debug\lab7.vcxprojResolveAssemblyReference.cache
D:\Desktop\Labs\APK\lab7\lab7\lab7\Debug\lab7.write.1.tlog
D:\Desktop\Labs\APK\lab7\lab7\lab7\Debug\lab7_manifest.rc
D:\Desktop\Labs\APK\lab7\lab7\lab7\Debug\link.1944.read.1.tlog
D:\Desktop\Labs\APK\lab7\lab7\lab7\Debug\link.1944.write.1.tlog
D:\Desktop\Labs\APK\lab7\lab7\lab7\Debug\link.1944-cvtres.read.1.tlog
D:\Desktop\Labs\APK\lab7\lab7\lab7\Debug\link.1944-cvtres.write.1.tlog
D:\Desktop\Labs\APK\lab7\lab7\lab7\Debug\link.5408.read.1.tlog
D:\Desktop\Labs\APK\lab7\lab7\lab7\Debug\link.5408.write.1.tlog
D:\Desktop\Labs\APK\lab7\lab7\lab7\Debug\link.5408-cvtres.read.1.tlog
D:\Desktop\Labs\APK\lab7\lab7\lab7\Debug\link.5408-cvtres.write.1.tlog
D:\Desktop\Labs\APK\lab7\lab7\lab7\Debug\link.command.1.tlog
D:\Desktop\Labs\APK\lab7\lab7\lab7\Debug\link.read.1.tlog
D:\Desktop\Labs\APK\lab7\lab7\lab7\Debug\link.write.1.tlog
D:\Desktop\Labs\APK\lab7\lab7\lab7\Debug\link-cvtres.read.1.tlog
D:\Desktop\Labs\APK\lab7\lab7\lab7\Debug\link-cvtres.write.1.tlog
D:\DESKTOP\LABS\APK\LAB7\LAB7\LAB7\DEBUG\MAIN.OBJ
D:\Desktop\Labs\APK\lab7\lab7\lab7\Debug\mt.command.1.tlog
D:\Desktop\Labs\APK\lab7\lab7\lab7\Debug\mt.read.1.tlog
D:\Desktop\Labs\APK\lab7\lab7\lab7\Debug\mt.write.1.tlog
D:\Desktop\Labs\APK\lab7\lab7\lab7\Debug\rc.command.1.tlog
D:\Desktop\Labs\APK\lab7\lab7\lab7\Debug\rc.read.1.tlog
D:\Desktop\Labs\APK\lab7\lab7\lab7\Debug\rc.write.1.tlog
D:\Desktop\Labs\APK\lab7\lab7\lab7\Debug\vc100.idb
D:\DESKTOP\LABS\APK\LAB7\LAB7\LAB7\DEBUG\VC100.PDB
